# JRE version: Java(TM) SE Runtime Environment (8.0_171-b11) (build 1.8.0_171-b11)
# Java VM: Java HotSpot(TM) 64-Bit Server VM (25.171-b11 mixed mode bsd-amd64 compressed oops)
Heap:
 PSYoungGen      total 399360K, used 267388K [0x000000076ab00000, 0x0000000790800000, 0x00000007c0000000)
  eden space 376832K, 64% used [0x000000076ab00000,0x0000000779a260d8,0x0000000781b00000)
  from space 22528K, 99% used [0x0000000781b00000,0x00000007830f9260,0x0000000783100000)
  to   space 26624K, 0% used [0x000000078ee00000,0x000000078ee00000,0x0000000790800000)
 ParOldGen       total 202752K, used 32944K [0x00000006c0000000, 0x00000006cc600000, 0x000000076ab00000)
  object space 202752K, 16% used [0x00000006c0000000,0x00000006c202c058,0x00000006cc600000)
 Metaspace       used 67075K, capacity 68300K, committed 68608K, reserved 1107968K
  class space    used 8631K, capacity 9119K, committed 9216K, reserved 1048576K
GC Heap History (10 events):
Event: 13.786 GC heap before
{Heap before GC invocations=14 (full 2):
 PSYoungGen      total 271360K, used 257024K [0x000000076ab00000, 0x0000000780f00000, 0x00000007c0000000)
  eden space 257024K, 100% used [0x000000076ab00000,0x000000077a600000,0x000000077a600000)
  from space 14336K, 0% used [0x000000077a600000,0x000000077a600000,0x000000077b400000)
  to   space 14848K, 0% used [0x0000000780080000,0x0000000780080000,0x0000000780f00000)
 ParOldGen       total 180224K, used 26493K [0x00000006c0000000, 0x00000006cb000000, 0x000000076ab00000)
  object space 180224K, 14% used [0x00000006c0000000,0x00000006c19df560,0x00000006cb000000)
 Metaspace       used 40355K, capacity 40942K, committed 41088K, reserved 1085440K
  class space    used 5335K, capacity 5452K, committed 5504K, reserved 1048576K
Event: 13.799 GC heap after
Heap after GC invocations=14 (full 2):
 PSYoungGen      total 325632K, used 9298K [0x000000076ab00000, 0x0000000780a00000, 0x00000007c0000000)
  eden space 315904K, 0% used [0x000000076ab00000,0x000000076ab00000,0x000000077df80000)
  from space 9728K, 95% used [0x0000000780080000,0x0000000780994a10,0x0000000780a00000)
  to   space 14336K, 0% used [0x000000077ee00000,0x000000077ee00000,0x000000077fc00000)
 ParOldGen       total 180224K, used 26501K [0x00000006c0000000, 0x00000006cb000000, 0x000000076ab00000)
  object space 180224K, 14% used [0x00000006c0000000,0x00000006c19e1560,0x00000006cb000000)
 Metaspace       used 40355K, capacity 40942K, committed 41088K, reserved 1085440K
  class space    used 5335K, capacity 5452K, committed 5504K, reserved 1048576K
}
Event: 29.146 GC heap before
{Heap before GC invocations=15 (full 2):
 PSYoungGen      total 325632K, used 325202K [0x000000076ab00000, 0x0000000780a00000, 0x00000007c0000000)
  eden space 315904K, 100% used [0x000000076ab00000,0x000000077df80000,0x000000077df80000)
  from space 9728K, 95% used [0x0000000780080000,0x0000000780994a10,0x0000000780a00000)
  to   space 14336K, 0% used [0x000000077ee00000,0x000000077ee00000,0x000000077fc00000)
 ParOldGen       total 180224K, used 26501K [0x00000006c0000000, 0x00000006cb000000, 0x000000076ab00000)
  object space 180224K, 14% used [0x00000006c0000000,0x00000006c19e1560,0x00000006cb000000)
 Metaspace       used 58062K, capacity 58788K, committed 59008K, reserved 1099776K
  class space    used 7614K, capacity 7801K, committed 7808K, reserved 1048576K
Event: 29.177 GC heap after
Heap after GC invocations=15 (full 2):
 PSYoungGen      total 345088K, used 14311K [0x000000076ab00000, 0x0000000784600000, 0x00000007c0000000)
  eden space 330752K, 0% used [0x000000076ab00000,0x000000076ab00000,0x000000077ee00000)
  from space 14336K, 99% used [0x000000077ee00000,0x000000077fbf9ee8,0x000000077fc00000)
  to   space 21504K, 0% used [0x0000000783100000,0x0000000783100000,0x0000000784600000)
 ParOldGen       total 180224K, used 41635K [0x00000006c0000000, 0x00000006cb000000, 0x000000076ab00000)
  object space 180224K, 23% used [0x00000006c0000000,0x00000006c28a8d08,0x00000006cb000000)
 Metaspace       used 58062K, capacity 58788K, committed 59008K, reserved 1099776K
  class space    used 7614K, capacity 7801K, committed 7808K, reserved 1048576K
}
Event: 29.199 GC heap before
{Heap before GC invocations=16 (full 2):
 PSYoungGen      total 345088K, used 18056K [0x000000076ab00000, 0x0000000784600000, 0x00000007c0000000)
  eden space 330752K, 1% used [0x000000076ab00000,0x000000076aea83d8,0x000000077ee00000)
  from space 14336K, 99% used [0x000000077ee00000,0x000000077fbf9ee8,0x000000077fc00000)
  to   space 21504K, 0% used [0x0000000783100000,0x0000000783100000,0x0000000784600000)
 ParOldGen       total 180224K, used 41635K [0x00000006c0000000, 0x00000006cb000000, 0x000000076ab00000)
  object space 180224K, 23% used [0x00000006c0000000,0x00000006c28a8d08,0x00000006cb000000)
 Metaspace       used 58173K, capacity 58852K, committed 59096K, reserved 1101824K
  class space    used 7629K, capacity 7801K, committed 7808K, reserved 1048576K
Event: 29.218 GC heap after
Heap after GC invocations=16 (full 2):
 PSYoungGen      total 398336K, used 232K [0x000000076ab00000, 0x000000078c000000, 0x00000007c0000000)
  eden space 376832K, 0% used [0x000000076ab00000,0x000000076ab00000,0x0000000781b00000)
  from space 21504K, 1% used [0x0000000783100000,0x000000078313a0f0,0x0000000784600000)
  to   space 22528K, 0% used [0x0000000781b00000,0x0000000781b00000,0x0000000783100000)
 ParOldGen       total 180224K, used 55491K [0x00000006c0000000, 0x00000006cb000000, 0x000000076ab00000)
  object space 180224K, 30% used [0x00000006c0000000,0x00000006c3630c80,0x00000006cb000000)
 Metaspace       used 58173K, capacity 58852K, committed 59096K, reserved 1101824K
  class space    used 7629K, capacity 7801K, committed 7808K, reserved 1048576K
}
Event: 29.218 GC heap before
{Heap before GC invocations=17 (full 3):
 PSYoungGen      total 398336K, used 232K [0x000000076ab00000, 0x000000078c000000, 0x00000007c0000000)
  eden space 376832K, 0% used [0x000000076ab00000,0x000000076ab00000,0x0000000781b00000)
  from space 21504K, 1% used [0x0000000783100000,0x000000078313a0f0,0x0000000784600000)
  to   space 22528K, 0% used [0x0000000781b00000,0x0000000781b00000,0x0000000783100000)
 ParOldGen       total 180224K, used 55491K [0x00000006c0000000, 0x00000006cb000000, 0x000000076ab00000)
  object space 180224K, 30% used [0x00000006c0000000,0x00000006c3630c80,0x00000006cb000000)
 Metaspace       used 58173K, capacity 58852K, committed 59096K, reserved 1101824K
  class space    used 7629K, capacity 7801K, committed 7808K, reserved 1048576K
Event: 29.414 GC heap after
Heap after GC invocations=17 (full 3):
 PSYoungGen      total 398336K, used 0K [0x000000076ab00000, 0x000000078c000000, 0x00000007c0000000)
  eden space 376832K, 0% used [0x000000076ab00000,0x000000076ab00000,0x0000000781b00000)
  from space 21504K, 0% used [0x0000000783100000,0x0000000783100000,0x0000000784600000)
  to   space 22528K, 0% used [0x0000000781b00000,0x0000000781b00000,0x0000000783100000)
 ParOldGen       total 202752K, used 30464K [0x00000006c0000000, 0x00000006cc600000, 0x000000076ab00000)
  object space 202752K, 15% used [0x00000006c0000000,0x00000006c1dc0388,0x00000006cc600000)
 Metaspace       used 58173K, capacity 58852K, committed 59096K, reserved 1101824K
  class space    used 7629K, capacity 7801K, committed 7808K, reserved 1048576K
}
Event: 132.099 GC heap before
{Heap before GC invocations=18 (full 3):
 PSYoungGen      total 398336K, used 376832K [0x000000076ab00000, 0x000000078c000000, 0x00000007c0000000)
  eden space 376832K, 100% used [0x000000076ab00000,0x0000000781b00000,0x0000000781b00000)
  from space 21504K, 0% used [0x0000000783100000,0x0000000783100000,0x0000000784600000)
  to   space 22528K, 0% used [0x0000000781b00000,0x0000000781b00000,0x0000000783100000)
 ParOldGen       total 202752K, used 30464K [0x00000006c0000000, 0x00000006cc600000, 0x000000076ab00000)
  object space 202752K, 15% used [0x00000006c0000000,0x00000006c1dc0388,0x00000006cc600000)
 Metaspace       used 66296K, capacity 67394K, committed 67712K, reserved 1107968K
  class space    used 8565K, capacity 8963K, committed 9088K, reserved 1048576K
Event: 132.126 GC heap after
Heap after GC invocations=18 (full 3):
 PSYoungGen      total 399360K, used 22500K [0x000000076ab00000, 0x0000000790800000, 0x00000007c0000000)
  eden space 376832K, 0% used [0x000000076ab00000,0x000000076ab00000,0x0000000781b00000)
  from space 22528K, 99% used [0x0000000781b00000,0x00000007830f9260,0x0000000783100000)
  to   space 26624K, 0% used [0x000000078ee00000,0x000000078ee00000,0x0000000790800000)
 ParOldGen       total 202752K, used 32944K [0x00000006c0000000, 0x00000006cc600000, 0x000000076ab00000)
  object space 202752K, 16% used [0x00000006c0000000,0x00000006c202c058,0x00000006cc600000)
 Metaspace       used 66296K, capacity 67394K, committed 67712K, reserved 1107968K
  class space    used 8565K, capacity 8963K, committed 9088K, reserved 1048576K
}

