# JRE version: Java(TM) SE Runtime Environment (8.0_171-b11) (build 1.8.0_171-b11)
# Java VM: Java HotSpot(TM) 64-Bit Server VM (25.171-b11 mixed mode bsd-amd64 compressed oops)
Heap:
 PSYoungGen      total 590848K, used 154529K [0x000000076ab00000, 0x0000000797f00000, 0x00000007c0000000)
  eden space 568832K, 27% used [0x000000076ab00000,0x00000007741e86b0,0x000000078d680000)
  from space 22016K, 0% used [0x000000078d680000,0x000000078d680000,0x000000078ec00000)
  to   space 21504K, 0% used [0x0000000796a00000,0x0000000796a00000,0x0000000797f00000)
 ParOldGen       total 206336K, used 35150K [0x00000006c0000000, 0x00000006cc980000, 0x000000076ab00000)
  object space 206336K, 17% used [0x00000006c0000000,0x00000006c2253a48,0x00000006cc980000)
 Metaspace       used 65171K, capacity 66040K, committed 66392K, reserved 1107968K
  class space    used 8466K, capacity 8712K, committed 8792K, reserved 1048576K
GC Heap History (10 events):
Event: 8.535 GC heap before
{Heap before GC invocations=10 (full 1):
 PSYoungGen      total 430080K, used 221167K [0x000000076ab00000, 0x0000000786280000, 0x00000007c0000000)
  eden space 417792K, 49% used [0x000000076ab00000,0x00000007776fecd0,0x0000000784300000)
  from space 12288K, 99% used [0x0000000785680000,0x000000078627d030,0x0000000786280000)
  to   space 15360K, 0% used [0x0000000784480000,0x0000000784480000,0x0000000785380000)
 ParOldGen       total 97280K, used 13374K [0x00000006c0000000, 0x00000006c5f00000, 0x000000076ab00000)
  object space 97280K, 13% used [0x00000006c0000000,0x00000006c0d0f918,0x00000006c5f00000)
 Metaspace       used 34835K, capacity 35164K, committed 35456K, reserved 1079296K
  class space    used 4505K, capacity 4625K, committed 4736K, reserved 1048576K
Event: 8.559 GC heap after
Heap after GC invocations=10 (full 1):
 PSYoungGen      total 434688K, used 15348K [0x000000076ab00000, 0x0000000790180000, 0x00000007c0000000)
  eden space 419328K, 0% used [0x000000076ab00000,0x000000076ab00000,0x0000000784480000)
  from space 15360K, 99% used [0x0000000784480000,0x000000078537d030,0x0000000785380000)
  to   space 18432K, 0% used [0x000000078ef80000,0x000000078ef80000,0x0000000790180000)
 ParOldGen       total 97280K, used 16613K [0x00000006c0000000, 0x00000006c5f00000, 0x000000076ab00000)
  object space 97280K, 17% used [0x00000006c0000000,0x00000006c1039418,0x00000006c5f00000)
 Metaspace       used 34835K, capacity 35164K, committed 35456K, reserved 1079296K
  class space    used 4505K, capacity 4625K, committed 4736K, reserved 1048576K
}
Event: 8.559 GC heap before
{Heap before GC invocations=11 (full 2):
 PSYoungGen      total 434688K, used 15348K [0x000000076ab00000, 0x0000000790180000, 0x00000007c0000000)
  eden space 419328K, 0% used [0x000000076ab00000,0x000000076ab00000,0x0000000784480000)
  from space 15360K, 99% used [0x0000000784480000,0x000000078537d030,0x0000000785380000)
  to   space 18432K, 0% used [0x000000078ef80000,0x000000078ef80000,0x0000000790180000)
 ParOldGen       total 97280K, used 16613K [0x00000006c0000000, 0x00000006c5f00000, 0x000000076ab00000)
  object space 97280K, 17% used [0x00000006c0000000,0x00000006c1039418,0x00000006c5f00000)
 Metaspace       used 34835K, capacity 35164K, committed 35456K, reserved 1079296K
  class space    used 4505K, capacity 4625K, committed 4736K, reserved 1048576K
Event: 8.660 GC heap after
Heap after GC invocations=11 (full 2):
 PSYoungGen      total 434688K, used 0K [0x000000076ab00000, 0x0000000790180000, 0x00000007c0000000)
  eden space 419328K, 0% used [0x000000076ab00000,0x000000076ab00000,0x0000000784480000)
  from space 15360K, 0% used [0x0000000784480000,0x0000000784480000,0x0000000785380000)
  to   space 18432K, 0% used [0x000000078ef80000,0x000000078ef80000,0x0000000790180000)
 ParOldGen       total 158208K, used 26733K [0x00000006c0000000, 0x00000006c9a80000, 0x000000076ab00000)
  object space 158208K, 16% used [0x00000006c0000000,0x00000006c1a1b708,0x00000006c9a80000)
 Metaspace       used 34835K, capacity 35164K, committed 35456K, reserved 1079296K
  class space    used 4505K, capacity 4625K, committed 4736K, reserved 1048576K
}
Event: 23.457 GC heap before
{Heap before GC invocations=12 (full 2):
 PSYoungGen      total 434688K, used 419328K [0x000000076ab00000, 0x0000000790180000, 0x00000007c0000000)
  eden space 419328K, 100% used [0x000000076ab00000,0x0000000784480000,0x0000000784480000)
  from space 15360K, 0% used [0x0000000784480000,0x0000000784480000,0x0000000785380000)
  to   space 18432K, 0% used [0x000000078ef80000,0x000000078ef80000,0x0000000790180000)
 ParOldGen       total 158208K, used 26733K [0x00000006c0000000, 0x00000006c9a80000, 0x000000076ab00000)
  object space 158208K, 16% used [0x00000006c0000000,0x00000006c1a1b708,0x00000006c9a80000)
 Metaspace       used 52214K, capacity 52904K, committed 53248K, reserved 1095680K
  class space    used 6875K, capacity 7051K, committed 7168K, reserved 1048576K
Event: 23.489 GC heap after
Heap after GC invocations=12 (full 2):
 PSYoungGen      total 557056K, used 18417K [0x000000076ab00000, 0x0000000790180000, 0x00000007c0000000)
  eden space 538624K, 0% used [0x000000076ab00000,0x000000076ab00000,0x000000078b900000)
  from space 18432K, 99% used [0x000000078ef80000,0x000000079017c710,0x0000000790180000)
  to   space 22016K, 0% used [0x000000078d680000,0x000000078d680000,0x000000078ec00000)
 ParOldGen       total 158208K, used 29143K [0x00000006c0000000, 0x00000006c9a80000, 0x000000076ab00000)
  object space 158208K, 18% used [0x00000006c0000000,0x00000006c1c75e98,0x00000006c9a80000)
 Metaspace       used 52214K, capacity 52904K, committed 53248K, reserved 1095680K
  class space    used 6875K, capacity 7051K, committed 7168K, reserved 1048576K
}
Event: 24.935 GC heap before
{Heap before GC invocations=13 (full 2):
 PSYoungGen      total 557056K, used 186029K [0x000000076ab00000, 0x0000000790180000, 0x00000007c0000000)
  eden space 538624K, 31% used [0x000000076ab00000,0x0000000774eaed18,0x000000078b900000)
  from space 18432K, 99% used [0x000000078ef80000,0x000000079017c710,0x0000000790180000)
  to   space 22016K, 0% used [0x000000078d680000,0x000000078d680000,0x000000078ec00000)
 ParOldGen       total 158208K, used 29143K [0x00000006c0000000, 0x00000006c9a80000, 0x000000076ab00000)
  object space 158208K, 18% used [0x00000006c0000000,0x00000006c1c75e98,0x00000006c9a80000)
 Metaspace       used 58173K, capacity 58880K, committed 59096K, reserved 1099776K
  class space    used 7634K, capacity 7833K, committed 7896K, reserved 1048576K
Event: 24.963 GC heap after
Heap after GC invocations=13 (full 2):
 PSYoungGen      total 590848K, used 13610K [0x000000076ab00000, 0x0000000797f00000, 0x00000007c0000000)
  eden space 568832K, 0% used [0x000000076ab00000,0x000000076ab00000,0x000000078d680000)
  from space 22016K, 61% used [0x000000078d680000,0x000000078e3ca830,0x000000078ec00000)
  to   space 21504K, 0% used [0x0000000796a00000,0x0000000796a00000,0x0000000797f00000)
 ParOldGen       total 158208K, used 36860K [0x00000006c0000000, 0x00000006c9a80000, 0x000000076ab00000)
  object space 158208K, 23% used [0x00000006c0000000,0x00000006c23ff160,0x00000006c9a80000)
 Metaspace       used 58173K, capacity 58880K, committed 59096K, reserved 1099776K
  class space    used 7634K, capacity 7833K, committed 7896K, reserved 1048576K
}
Event: 24.963 GC heap before
{Heap before GC invocations=14 (full 3):
 PSYoungGen      total 590848K, used 13610K [0x000000076ab00000, 0x0000000797f00000, 0x00000007c0000000)
  eden space 568832K, 0% used [0x000000076ab00000,0x000000076ab00000,0x000000078d680000)
  from space 22016K, 61% used [0x000000078d680000,0x000000078e3ca830,0x000000078ec00000)
  to   space 21504K, 0% used [0x0000000796a00000,0x0000000796a00000,0x0000000797f00000)
 ParOldGen       total 158208K, used 36860K [0x00000006c0000000, 0x00000006c9a80000, 0x000000076ab00000)
  object space 158208K, 23% used [0x00000006c0000000,0x00000006c23ff160,0x00000006c9a80000)
 Metaspace       used 58173K, capacity 58880K, committed 59096K, reserved 1099776K
  class space    used 7634K, capacity 7833K, committed 7896K, reserved 1048576K
Event: 25.121 GC heap after
Heap after GC invocations=14 (full 3):
 PSYoungGen      total 590848K, used 0K [0x000000076ab00000, 0x0000000797f00000, 0x00000007c0000000)
  eden space 568832K, 0% used [0x000000076ab00000,0x000000076ab00000,0x000000078d680000)
  from space 22016K, 0% used [0x000000078d680000,0x000000078d680000,0x000000078ec00000)
  to   space 21504K, 0% used [0x0000000796a00000,0x0000000796a00000,0x0000000797f00000)
 ParOldGen       total 206336K, used 35150K [0x00000006c0000000, 0x00000006cc980000, 0x000000076ab00000)
  object space 206336K, 17% used [0x00000006c0000000,0x00000006c2253a48,0x00000006cc980000)
 Metaspace       used 58173K, capacity 58880K, committed 59096K, reserved 1099776K
  class space    used 7634K, capacity 7833K, committed 7896K, reserved 1048576K
}

